INFO: [VRFC 10-2263] Analyzing Verilog file "C:/Users/qwer/Desktop/DSD_2022/termp_bundle/vivado/termp_template/termp_template.sim/sim_1/impl/func/xsim/tb_top_func_impl.v" into library xil_defaultlib
INFO: [VRFC 10-311] analyzing module design_1
INFO: [VRFC 10-311] analyzing module design_1_axi_bram_ctrl_0_0
INFO: [VRFC 10-311] analyzing module design_1_axi_bram_ctrl_0_0_SRL_FIFO
INFO: [VRFC 10-311] analyzing module design_1_axi_bram_ctrl_0_0_axi_bram_ctrl
INFO: [VRFC 10-311] analyzing module design_1_axi_bram_ctrl_0_0_axi_bram_ctrl_top
INFO: [VRFC 10-311] analyzing module design_1_axi_bram_ctrl_0_0_full_axi
INFO: [VRFC 10-311] analyzing module design_1_axi_bram_ctrl_0_0_rd_chnl
INFO: [VRFC 10-311] analyzing module design_1_axi_bram_ctrl_0_0_sng_port_arb
INFO: [VRFC 10-311] analyzing module design_1_axi_bram_ctrl_0_0_wr_chnl
INFO: [VRFC 10-311] analyzing module design_1_axi_bram_ctrl_0_0_wrap_brst
INFO: [VRFC 10-311] analyzing module design_1_axi_bram_ctrl_0_0_wrap_brst_0
INFO: [VRFC 10-311] analyzing module design_1_axi_smc_0
INFO: [VRFC 10-311] analyzing module design_1_axi_smc_0_bd_afc3
INFO: [VRFC 10-311] analyzing module design_1_axi_smc_0_bd_afc3_m00e_0
INFO: [VRFC 10-311] analyzing module design_1_axi_smc_0_bd_afc3_psr_aclk_0
INFO: [VRFC 10-311] analyzing module design_1_axi_smc_0_bd_afc3_s00mmu_0
INFO: [VRFC 10-311] analyzing module design_1_axi_smc_0_bd_afc3_s00sic_0
INFO: [VRFC 10-311] analyzing module design_1_axi_smc_0_bd_afc3_s00tr_0
INFO: [VRFC 10-311] analyzing module design_1_axi_smc_0_bd_afc3_sarn_0
INFO: [VRFC 10-311] analyzing module design_1_axi_smc_0_bd_afc3_sawn_0
INFO: [VRFC 10-311] analyzing module design_1_axi_smc_0_bd_afc3_sbn_0
INFO: [VRFC 10-311] analyzing module design_1_axi_smc_0_bd_afc3_srn_0
INFO: [VRFC 10-311] analyzing module design_1_axi_smc_0_bd_afc3_swn_0
INFO: [VRFC 10-311] analyzing module design_1_axi_smc_0_cdc_sync
INFO: [VRFC 10-311] analyzing module design_1_axi_smc_0_clk_map_imp_5Y9LOC
INFO: [VRFC 10-311] analyzing module design_1_axi_smc_0_lpf
INFO: [VRFC 10-311] analyzing module design_1_axi_smc_0_m00_exit_pipeline_imp_1TZX5BB
INFO: [VRFC 10-311] analyzing module design_1_axi_smc_0_proc_sys_reset
INFO: [VRFC 10-311] analyzing module design_1_axi_smc_0_s00_entry_pipeline_imp_USCCV8
INFO: [VRFC 10-311] analyzing module design_1_axi_smc_0_s00_nodes_imp_Y7M43I
INFO: [VRFC 10-311] analyzing module design_1_axi_smc_0_sequence_psr
INFO: [VRFC 10-311] analyzing module design_1_axi_smc_0_upcnt_n
INFO: [VRFC 10-311] analyzing module design_1_axi_smc_0_xpm_memory_base
INFO: [VRFC 10-311] analyzing module design_1_axi_smc_0_xpm_memory_base__2
INFO: [VRFC 10-311] analyzing module design_1_axi_smc_0_xpm_memory_base__parameterized0
INFO: [VRFC 10-311] analyzing module design_1_axi_smc_0_xpm_memory_base__parameterized1
INFO: [VRFC 10-311] analyzing module design_1_axi_smc_0_xpm_memory_base__parameterized2
INFO: [VRFC 10-311] analyzing module design_1_axi_smc_0_xpm_memory_sdpram
INFO: [VRFC 10-311] analyzing module design_1_axi_smc_0_xpm_memory_sdpram__2
INFO: [VRFC 10-311] analyzing module design_1_axi_smc_0_xpm_memory_sdpram__parameterized0
INFO: [VRFC 10-311] analyzing module design_1_axi_smc_0_xpm_memory_sdpram__parameterized1
INFO: [VRFC 10-311] analyzing module design_1_axi_smc_0_xpm_memory_sdpram__parameterized2
INFO: [VRFC 10-311] analyzing module design_1_blk_mem_gen_0_0
INFO: [VRFC 10-311] analyzing module design_1_processing_system7_0_0
INFO: [VRFC 10-311] analyzing module design_1_processing_system7_0_0_processing_system7_v5_5_processing_system7
INFO: [VRFC 10-311] analyzing module design_1_rst_ps7_0_50M_0
INFO: [VRFC 10-311] analyzing module design_1_rst_ps7_0_50M_0_cdc_sync
INFO: [VRFC 10-311] analyzing module design_1_rst_ps7_0_50M_0_cdc_sync_0
INFO: [VRFC 10-311] analyzing module design_1_rst_ps7_0_50M_0_lpf
INFO: [VRFC 10-311] analyzing module design_1_rst_ps7_0_50M_0_proc_sys_reset
INFO: [VRFC 10-311] analyzing module design_1_rst_ps7_0_50M_0_sequence_psr
INFO: [VRFC 10-311] analyzing module design_1_rst_ps7_0_50M_0_upcnt_n
INFO: [VRFC 10-311] analyzing module design_1_top_0_0
INFO: [VRFC 10-311] analyzing module design_1_top_0_0_blk_rom
INFO: [VRFC 10-311] analyzing module design_1_top_0_0_ds
INFO: [VRFC 10-311] analyzing module design_1_top_0_0_fsm
INFO: [VRFC 10-311] analyzing module design_1_top_0_0_ram_wr
INFO: [VRFC 10-311] analyzing module design_1_top_0_0_rom_rd
INFO: [VRFC 10-311] analyzing module design_1_top_0_0_top
INFO: [VRFC 10-311] analyzing module design_1_top_0_0_us
INFO: [VRFC 10-311] analyzing module design_1_wrapper
INFO: [VRFC 10-311] analyzing module design_1_axi_smc_0_sc_exit_v1_0_8_exit
INFO: [VRFC 10-311] analyzing module design_1_axi_smc_0_sc_exit_v1_0_8_top
INFO: [VRFC 10-311] analyzing module design_1_axi_smc_0_sc_mmu_v1_0_7_decerr_slave
INFO: [VRFC 10-311] analyzing module design_1_axi_smc_0_sc_mmu_v1_0_7_top
INFO: [VRFC 10-311] analyzing module design_1_axi_smc_0_sc_node_v1_0_10_fifo
INFO: [VRFC 10-311] analyzing module design_1_axi_smc_0_sc_node_v1_0_10_fifo__parameterized0
INFO: [VRFC 10-311] analyzing module design_1_axi_smc_0_sc_node_v1_0_10_fifo__parameterized1
INFO: [VRFC 10-311] analyzing module design_1_axi_smc_0_sc_node_v1_0_10_fifo__parameterized2
INFO: [VRFC 10-311] analyzing module design_1_axi_smc_0_sc_node_v1_0_10_fifo__xdcDup__1
INFO: [VRFC 10-311] analyzing module design_1_axi_smc_0_sc_node_v1_0_10_mi_handler
INFO: [VRFC 10-311] analyzing module design_1_axi_smc_0_sc_node_v1_0_10_mi_handler__parameterized0
INFO: [VRFC 10-311] analyzing module design_1_axi_smc_0_sc_node_v1_0_10_mi_handler__parameterized1
INFO: [VRFC 10-311] analyzing module design_1_axi_smc_0_sc_node_v1_0_10_mi_handler__parameterized2
INFO: [VRFC 10-311] analyzing module design_1_axi_smc_0_sc_node_v1_0_10_mi_handler__parameterized3
INFO: [VRFC 10-311] analyzing module design_1_axi_smc_0_sc_node_v1_0_10_si_handler
INFO: [VRFC 10-311] analyzing module design_1_axi_smc_0_sc_node_v1_0_10_si_handler__parameterized0
INFO: [VRFC 10-311] analyzing module design_1_axi_smc_0_sc_node_v1_0_10_si_handler__parameterized1
INFO: [VRFC 10-311] analyzing module design_1_axi_smc_0_sc_node_v1_0_10_si_handler__parameterized2
INFO: [VRFC 10-311] analyzing module design_1_axi_smc_0_sc_node_v1_0_10_si_handler__parameterized3
INFO: [VRFC 10-311] analyzing module design_1_axi_smc_0_sc_node_v1_0_10_top
INFO: [VRFC 10-311] analyzing module design_1_axi_smc_0_sc_node_v1_0_10_top__parameterized0
INFO: [VRFC 10-311] analyzing module design_1_axi_smc_0_sc_node_v1_0_10_top__parameterized1
INFO: [VRFC 10-311] analyzing module design_1_axi_smc_0_sc_node_v1_0_10_top__parameterized2
INFO: [VRFC 10-311] analyzing module design_1_axi_smc_0_sc_node_v1_0_10_top__parameterized3
INFO: [VRFC 10-311] analyzing module design_1_axi_smc_0_sc_si_converter_v1_0_8_offset_fifo
INFO: [VRFC 10-311] analyzing module design_1_axi_smc_0_sc_si_converter_v1_0_8_offset_fifo__parameterized0
INFO: [VRFC 10-311] analyzing module design_1_axi_smc_0_sc_si_converter_v1_0_8_splitter
INFO: [VRFC 10-311] analyzing module design_1_axi_smc_0_sc_si_converter_v1_0_8_top
INFO: [VRFC 10-311] analyzing module design_1_axi_smc_0_sc_si_converter_v1_0_8_wrap_narrow
INFO: [VRFC 10-311] analyzing module design_1_axi_smc_0_sc_transaction_regulator_v1_0_8_singleorder
INFO: [VRFC 10-311] analyzing module design_1_axi_smc_0_sc_transaction_regulator_v1_0_8_singleorder_17
INFO: [VRFC 10-311] analyzing module design_1_axi_smc_0_sc_transaction_regulator_v1_0_8_top
INFO: [VRFC 10-311] analyzing module design_1_axi_smc_0_sc_util_v1_0_4_axi_reg_stall
INFO: [VRFC 10-311] analyzing module design_1_axi_smc_0_sc_util_v1_0_4_axi_reg_stall_169
INFO: [VRFC 10-311] analyzing module design_1_axi_smc_0_sc_util_v1_0_4_axi_reg_stall_170
INFO: [VRFC 10-311] analyzing module design_1_axi_smc_0_sc_util_v1_0_4_axi_reg_stall_171
INFO: [VRFC 10-311] analyzing module design_1_axi_smc_0_sc_util_v1_0_4_axi_reg_stall_172
INFO: [VRFC 10-311] analyzing module design_1_axi_smc_0_sc_util_v1_0_4_axi_reg_stall_173
INFO: [VRFC 10-311] analyzing module design_1_axi_smc_0_sc_util_v1_0_4_axi_reg_stall_174
INFO: [VRFC 10-311] analyzing module design_1_axi_smc_0_sc_util_v1_0_4_axi_reg_stall_175
INFO: [VRFC 10-311] analyzing module design_1_axi_smc_0_sc_util_v1_0_4_axi_reg_stall_176
INFO: [VRFC 10-311] analyzing module design_1_axi_smc_0_sc_util_v1_0_4_axi_reg_stall_177
INFO: [VRFC 10-311] analyzing module design_1_axi_smc_0_sc_util_v1_0_4_axi_reg_stall_178
INFO: [VRFC 10-311] analyzing module design_1_axi_smc_0_sc_util_v1_0_4_axi_reg_stall_179
INFO: [VRFC 10-311] analyzing module design_1_axi_smc_0_sc_util_v1_0_4_axi_reg_stall_180
INFO: [VRFC 10-311] analyzing module design_1_axi_smc_0_sc_util_v1_0_4_axi_reg_stall_56
INFO: [VRFC 10-311] analyzing module design_1_axi_smc_0_sc_util_v1_0_4_axic_reg_srl_fifo
INFO: [VRFC 10-311] analyzing module design_1_axi_smc_0_sc_util_v1_0_4_axic_reg_srl_fifo__parameterized0
INFO: [VRFC 10-311] analyzing module design_1_axi_smc_0_sc_util_v1_0_4_axic_reg_srl_fifo__parameterized1
INFO: [VRFC 10-311] analyzing module design_1_axi_smc_0_sc_util_v1_0_4_axic_reg_srl_fifo__parameterized2
INFO: [VRFC 10-311] analyzing module design_1_axi_smc_0_sc_util_v1_0_4_axic_reg_srl_fifo__parameterized2_113
INFO: [VRFC 10-311] analyzing module design_1_axi_smc_0_sc_util_v1_0_4_axic_reg_srl_fifo__parameterized2_29
INFO: [VRFC 10-311] analyzing module design_1_axi_smc_0_sc_util_v1_0_4_axic_reg_srl_fifo__parameterized2_57
INFO: [VRFC 10-311] analyzing module design_1_axi_smc_0_sc_util_v1_0_4_axic_reg_srl_fifo__parameterized3
INFO: [VRFC 10-311] analyzing module design_1_axi_smc_0_sc_util_v1_0_4_axic_reg_srl_fifo__parameterized4
INFO: [VRFC 10-311] analyzing module design_1_axi_smc_0_sc_util_v1_0_4_counter
INFO: [VRFC 10-311] analyzing module design_1_axi_smc_0_sc_util_v1_0_4_counter_0
INFO: [VRFC 10-311] analyzing module design_1_axi_smc_0_sc_util_v1_0_4_counter_10
INFO: [VRFC 10-311] analyzing module design_1_axi_smc_0_sc_util_v1_0_4_counter_11
INFO: [VRFC 10-311] analyzing module design_1_axi_smc_0_sc_util_v1_0_4_counter_14
INFO: [VRFC 10-311] analyzing module design_1_axi_smc_0_sc_util_v1_0_4_counter_15
INFO: [VRFC 10-311] analyzing module design_1_axi_smc_0_sc_util_v1_0_4_counter_2
INFO: [VRFC 10-311] analyzing module design_1_axi_smc_0_sc_util_v1_0_4_counter_3
INFO: [VRFC 10-311] analyzing module design_1_axi_smc_0_sc_util_v1_0_4_counter_6
INFO: [VRFC 10-311] analyzing module design_1_axi_smc_0_sc_util_v1_0_4_counter_7
INFO: [VRFC 10-311] analyzing module design_1_axi_smc_0_sc_util_v1_0_4_counter__parameterized0
INFO: [VRFC 10-311] analyzing module design_1_axi_smc_0_sc_util_v1_0_4_counter__parameterized0_12
INFO: [VRFC 10-311] analyzing module design_1_axi_smc_0_sc_util_v1_0_4_counter__parameterized0_16
INFO: [VRFC 10-311] analyzing module design_1_axi_smc_0_sc_util_v1_0_4_counter__parameterized0_4
INFO: [VRFC 10-311] analyzing module design_1_axi_smc_0_sc_util_v1_0_4_counter__parameterized0_8
INFO: [VRFC 10-311] analyzing module design_1_axi_smc_0_sc_util_v1_0_4_pipeline
INFO: [VRFC 10-311] analyzing module design_1_axi_smc_0_sc_util_v1_0_4_pipeline_1
INFO: [VRFC 10-311] analyzing module design_1_axi_smc_0_sc_util_v1_0_4_pipeline_13
INFO: [VRFC 10-311] analyzing module design_1_axi_smc_0_sc_util_v1_0_4_pipeline_5
INFO: [VRFC 10-311] analyzing module design_1_axi_smc_0_sc_util_v1_0_4_pipeline_9
INFO: [VRFC 10-311] analyzing module design_1_axi_smc_0_sc_util_v1_0_4_srl_rtl
INFO: [VRFC 10-311] analyzing module design_1_axi_smc_0_sc_util_v1_0_4_srl_rtl_100
INFO: [VRFC 10-311] analyzing module design_1_axi_smc_0_sc_util_v1_0_4_srl_rtl_101
INFO: [VRFC 10-311] analyzing module design_1_axi_smc_0_sc_util_v1_0_4_srl_rtl_102
INFO: [VRFC 10-311] analyzing module design_1_axi_smc_0_sc_util_v1_0_4_srl_rtl_104
INFO: [VRFC 10-311] analyzing module design_1_axi_smc_0_sc_util_v1_0_4_srl_rtl_105
INFO: [VRFC 10-311] analyzing module design_1_axi_smc_0_sc_util_v1_0_4_srl_rtl_106
INFO: [VRFC 10-311] analyzing module design_1_axi_smc_0_sc_util_v1_0_4_srl_rtl_107
INFO: [VRFC 10-311] analyzing module design_1_axi_smc_0_sc_util_v1_0_4_srl_rtl_108
INFO: [VRFC 10-311] analyzing module design_1_axi_smc_0_sc_util_v1_0_4_srl_rtl_109
INFO: [VRFC 10-311] analyzing module design_1_axi_smc_0_sc_util_v1_0_4_srl_rtl_110
INFO: [VRFC 10-311] analyzing module design_1_axi_smc_0_sc_util_v1_0_4_srl_rtl_111
INFO: [VRFC 10-311] analyzing module design_1_axi_smc_0_sc_util_v1_0_4_srl_rtl_112
INFO: [VRFC 10-311] analyzing module design_1_axi_smc_0_sc_util_v1_0_4_srl_rtl_148
INFO: [VRFC 10-311] analyzing module design_1_axi_smc_0_sc_util_v1_0_4_srl_rtl_149
INFO: [VRFC 10-311] analyzing module design_1_axi_smc_0_sc_util_v1_0_4_srl_rtl_150
INFO: [VRFC 10-311] analyzing module design_1_axi_smc_0_sc_util_v1_0_4_srl_rtl_151
INFO: [VRFC 10-311] analyzing module design_1_axi_smc_0_sc_util_v1_0_4_srl_rtl_152
INFO: [VRFC 10-311] analyzing module design_1_axi_smc_0_sc_util_v1_0_4_srl_rtl_153
INFO: [VRFC 10-311] analyzing module design_1_axi_smc_0_sc_util_v1_0_4_srl_rtl_154
INFO: [VRFC 10-311] analyzing module design_1_axi_smc_0_sc_util_v1_0_4_srl_rtl_155
INFO: [VRFC 10-311] analyzing module design_1_axi_smc_0_sc_util_v1_0_4_srl_rtl_156
INFO: [VRFC 10-311] analyzing module design_1_axi_smc_0_sc_util_v1_0_4_srl_rtl_157
INFO: [VRFC 10-311] analyzing module design_1_axi_smc_0_sc_util_v1_0_4_srl_rtl_158
INFO: [VRFC 10-311] analyzing module design_1_axi_smc_0_sc_util_v1_0_4_srl_rtl_159
INFO: [VRFC 10-311] analyzing module design_1_axi_smc_0_sc_util_v1_0_4_srl_rtl_160
INFO: [VRFC 10-311] analyzing module design_1_axi_smc_0_sc_util_v1_0_4_srl_rtl_161
INFO: [VRFC 10-311] analyzing module design_1_axi_smc_0_sc_util_v1_0_4_srl_rtl_162
INFO: [VRFC 10-311] analyzing module design_1_axi_smc_0_sc_util_v1_0_4_srl_rtl_163
INFO: [VRFC 10-311] analyzing module design_1_axi_smc_0_sc_util_v1_0_4_srl_rtl_164
INFO: [VRFC 10-311] analyzing module design_1_axi_smc_0_sc_util_v1_0_4_srl_rtl_165
INFO: [VRFC 10-311] analyzing module design_1_axi_smc_0_sc_util_v1_0_4_srl_rtl_166
INFO: [VRFC 10-311] analyzing module design_1_axi_smc_0_sc_util_v1_0_4_srl_rtl_167
INFO: [VRFC 10-311] analyzing module design_1_axi_smc_0_sc_util_v1_0_4_srl_rtl_168
INFO: [VRFC 10-311] analyzing module design_1_axi_smc_0_sc_util_v1_0_4_srl_rtl_18
INFO: [VRFC 10-311] analyzing module design_1_axi_smc_0_sc_util_v1_0_4_srl_rtl_181
INFO: [VRFC 10-311] analyzing module design_1_axi_smc_0_sc_util_v1_0_4_srl_rtl_184
INFO: [VRFC 10-311] analyzing module design_1_axi_smc_0_sc_util_v1_0_4_srl_rtl_185
INFO: [VRFC 10-311] analyzing module design_1_axi_smc_0_sc_util_v1_0_4_srl_rtl_186
INFO: [VRFC 10-311] analyzing module design_1_axi_smc_0_sc_util_v1_0_4_srl_rtl_187
INFO: [VRFC 10-311] analyzing module design_1_axi_smc_0_sc_util_v1_0_4_srl_rtl_19
INFO: [VRFC 10-311] analyzing module design_1_axi_smc_0_sc_util_v1_0_4_srl_rtl_20
INFO: [VRFC 10-311] analyzing module design_1_axi_smc_0_sc_util_v1_0_4_srl_rtl_21
INFO: [VRFC 10-311] analyzing module design_1_axi_smc_0_sc_util_v1_0_4_srl_rtl_22
INFO: [VRFC 10-311] analyzing module design_1_axi_smc_0_sc_util_v1_0_4_srl_rtl_23
INFO: [VRFC 10-311] analyzing module design_1_axi_smc_0_sc_util_v1_0_4_srl_rtl_24
INFO: [VRFC 10-311] analyzing module design_1_axi_smc_0_sc_util_v1_0_4_srl_rtl_25
INFO: [VRFC 10-311] analyzing module design_1_axi_smc_0_sc_util_v1_0_4_srl_rtl_26
INFO: [VRFC 10-311] analyzing module design_1_axi_smc_0_sc_util_v1_0_4_srl_rtl_27
INFO: [VRFC 10-311] analyzing module design_1_axi_smc_0_sc_util_v1_0_4_srl_rtl_28
INFO: [VRFC 10-311] analyzing module design_1_axi_smc_0_sc_util_v1_0_4_srl_rtl_30
INFO: [VRFC 10-311] analyzing module design_1_axi_smc_0_sc_util_v1_0_4_srl_rtl_31
INFO: [VRFC 10-311] analyzing module design_1_axi_smc_0_sc_util_v1_0_4_srl_rtl_32
INFO: [VRFC 10-311] analyzing module design_1_axi_smc_0_sc_util_v1_0_4_srl_rtl_33
INFO: [VRFC 10-311] analyzing module design_1_axi_smc_0_sc_util_v1_0_4_srl_rtl_34
INFO: [VRFC 10-311] analyzing module design_1_axi_smc_0_sc_util_v1_0_4_srl_rtl_35
INFO: [VRFC 10-311] analyzing module design_1_axi_smc_0_sc_util_v1_0_4_srl_rtl_36
INFO: [VRFC 10-311] analyzing module design_1_axi_smc_0_sc_util_v1_0_4_srl_rtl_37
INFO: [VRFC 10-311] analyzing module design_1_axi_smc_0_sc_util_v1_0_4_srl_rtl_38
INFO: [VRFC 10-311] analyzing module design_1_axi_smc_0_sc_util_v1_0_4_srl_rtl_39
INFO: [VRFC 10-311] analyzing module design_1_axi_smc_0_sc_util_v1_0_4_srl_rtl_40
INFO: [VRFC 10-311] analyzing module design_1_axi_smc_0_sc_util_v1_0_4_srl_rtl_41
INFO: [VRFC 10-311] analyzing module design_1_axi_smc_0_sc_util_v1_0_4_srl_rtl_46
INFO: [VRFC 10-311] analyzing module design_1_axi_smc_0_sc_util_v1_0_4_srl_rtl_50
INFO: [VRFC 10-311] analyzing module design_1_axi_smc_0_sc_util_v1_0_4_srl_rtl_51
INFO: [VRFC 10-311] analyzing module design_1_axi_smc_0_sc_util_v1_0_4_srl_rtl_52
INFO: [VRFC 10-311] analyzing module design_1_axi_smc_0_sc_util_v1_0_4_srl_rtl_93
INFO: [VRFC 10-311] analyzing module design_1_axi_smc_0_sc_util_v1_0_4_srl_rtl_94
INFO: [VRFC 10-311] analyzing module design_1_axi_smc_0_sc_util_v1_0_4_srl_rtl_95
INFO: [VRFC 10-311] analyzing module design_1_axi_smc_0_sc_util_v1_0_4_srl_rtl_96
INFO: [VRFC 10-311] analyzing module design_1_axi_smc_0_sc_util_v1_0_4_srl_rtl_97
INFO: [VRFC 10-311] analyzing module design_1_axi_smc_0_sc_util_v1_0_4_srl_rtl_98
INFO: [VRFC 10-311] analyzing module design_1_axi_smc_0_sc_util_v1_0_4_srl_rtl_99
INFO: [VRFC 10-311] analyzing module design_1_axi_smc_0_sc_util_v1_0_4_srl_rtl__parameterized0
INFO: [VRFC 10-311] analyzing module design_1_axi_smc_0_sc_util_v1_0_4_srl_rtl__parameterized0_114
INFO: [VRFC 10-311] analyzing module design_1_axi_smc_0_sc_util_v1_0_4_srl_rtl__parameterized0_115
INFO: [VRFC 10-311] analyzing module design_1_axi_smc_0_sc_util_v1_0_4_srl_rtl__parameterized0_116
INFO: [VRFC 10-311] analyzing module design_1_axi_smc_0_sc_util_v1_0_4_srl_rtl__parameterized0_117
INFO: [VRFC 10-311] analyzing module design_1_axi_smc_0_sc_util_v1_0_4_srl_rtl__parameterized0_118
INFO: [VRFC 10-311] analyzing module design_1_axi_smc_0_sc_util_v1_0_4_srl_rtl__parameterized0_119
INFO: [VRFC 10-311] analyzing module design_1_axi_smc_0_sc_util_v1_0_4_srl_rtl__parameterized0_120
INFO: [VRFC 10-311] analyzing module design_1_axi_smc_0_sc_util_v1_0_4_srl_rtl__parameterized0_121
INFO: [VRFC 10-311] analyzing module design_1_axi_smc_0_sc_util_v1_0_4_srl_rtl__parameterized0_122
INFO: [VRFC 10-311] analyzing module design_1_axi_smc_0_sc_util_v1_0_4_srl_rtl__parameterized0_123
INFO: [VRFC 10-311] analyzing module design_1_axi_smc_0_sc_util_v1_0_4_srl_rtl__parameterized0_124
INFO: [VRFC 10-311] analyzing module design_1_axi_smc_0_sc_util_v1_0_4_srl_rtl__parameterized0_125
INFO: [VRFC 10-311] analyzing module design_1_axi_smc_0_sc_util_v1_0_4_srl_rtl__parameterized0_126
INFO: [VRFC 10-311] analyzing module design_1_axi_smc_0_sc_util_v1_0_4_srl_rtl__parameterized0_127
INFO: [VRFC 10-311] analyzing module design_1_axi_smc_0_sc_util_v1_0_4_srl_rtl__parameterized0_128
INFO: [VRFC 10-311] analyzing module design_1_axi_smc_0_sc_util_v1_0_4_srl_rtl__parameterized0_129
INFO: [VRFC 10-311] analyzing module design_1_axi_smc_0_sc_util_v1_0_4_srl_rtl__parameterized0_130
INFO: [VRFC 10-311] analyzing module design_1_axi_smc_0_sc_util_v1_0_4_srl_rtl__parameterized0_131
INFO: [VRFC 10-311] analyzing module design_1_axi_smc_0_sc_util_v1_0_4_srl_rtl__parameterized0_132
INFO: [VRFC 10-311] analyzing module design_1_axi_smc_0_sc_util_v1_0_4_srl_rtl__parameterized0_133
INFO: [VRFC 10-311] analyzing module design_1_axi_smc_0_sc_util_v1_0_4_srl_rtl__parameterized0_134
INFO: [VRFC 10-311] analyzing module design_1_axi_smc_0_sc_util_v1_0_4_srl_rtl__parameterized0_135
INFO: [VRFC 10-311] analyzing module design_1_axi_smc_0_sc_util_v1_0_4_srl_rtl__parameterized0_136
INFO: [VRFC 10-311] analyzing module design_1_axi_smc_0_sc_util_v1_0_4_srl_rtl__parameterized0_137
INFO: [VRFC 10-311] analyzing module design_1_axi_smc_0_sc_util_v1_0_4_srl_rtl__parameterized0_138
INFO: [VRFC 10-311] analyzing module design_1_axi_smc_0_sc_util_v1_0_4_srl_rtl__parameterized0_139
INFO: [VRFC 10-311] analyzing module design_1_axi_smc_0_sc_util_v1_0_4_srl_rtl__parameterized0_140
INFO: [VRFC 10-311] analyzing module design_1_axi_smc_0_sc_util_v1_0_4_srl_rtl__parameterized0_141
INFO: [VRFC 10-311] analyzing module design_1_axi_smc_0_sc_util_v1_0_4_srl_rtl__parameterized0_142
INFO: [VRFC 10-311] analyzing module design_1_axi_smc_0_sc_util_v1_0_4_srl_rtl__parameterized0_143
INFO: [VRFC 10-311] analyzing module design_1_axi_smc_0_sc_util_v1_0_4_srl_rtl__parameterized0_144
INFO: [VRFC 10-311] analyzing module design_1_axi_smc_0_sc_util_v1_0_4_srl_rtl__parameterized0_145
INFO: [VRFC 10-311] analyzing module design_1_axi_smc_0_sc_util_v1_0_4_srl_rtl__parameterized0_146
INFO: [VRFC 10-311] analyzing module design_1_axi_smc_0_sc_util_v1_0_4_srl_rtl__parameterized0_147
INFO: [VRFC 10-311] analyzing module design_1_axi_smc_0_sc_util_v1_0_4_srl_rtl__parameterized0_58
INFO: [VRFC 10-311] analyzing module design_1_axi_smc_0_sc_util_v1_0_4_srl_rtl__parameterized0_59
INFO: [VRFC 10-311] analyzing module design_1_axi_smc_0_sc_util_v1_0_4_srl_rtl__parameterized0_60
INFO: [VRFC 10-311] analyzing module design_1_axi_smc_0_sc_util_v1_0_4_srl_rtl__parameterized0_61
INFO: [VRFC 10-311] analyzing module design_1_axi_smc_0_sc_util_v1_0_4_srl_rtl__parameterized0_62
INFO: [VRFC 10-311] analyzing module design_1_axi_smc_0_sc_util_v1_0_4_srl_rtl__parameterized0_63
INFO: [VRFC 10-311] analyzing module design_1_axi_smc_0_sc_util_v1_0_4_srl_rtl__parameterized0_64
INFO: [VRFC 10-311] analyzing module design_1_axi_smc_0_sc_util_v1_0_4_srl_rtl__parameterized0_65
INFO: [VRFC 10-311] analyzing module design_1_axi_smc_0_sc_util_v1_0_4_srl_rtl__parameterized0_66
INFO: [VRFC 10-311] analyzing module design_1_axi_smc_0_sc_util_v1_0_4_srl_rtl__parameterized0_67
INFO: [VRFC 10-311] analyzing module design_1_axi_smc_0_sc_util_v1_0_4_srl_rtl__parameterized0_68
INFO: [VRFC 10-311] analyzing module design_1_axi_smc_0_sc_util_v1_0_4_srl_rtl__parameterized0_69
INFO: [VRFC 10-311] analyzing module design_1_axi_smc_0_sc_util_v1_0_4_srl_rtl__parameterized0_70
INFO: [VRFC 10-311] analyzing module design_1_axi_smc_0_sc_util_v1_0_4_srl_rtl__parameterized0_71
INFO: [VRFC 10-311] analyzing module design_1_axi_smc_0_sc_util_v1_0_4_srl_rtl__parameterized0_72
INFO: [VRFC 10-311] analyzing module design_1_axi_smc_0_sc_util_v1_0_4_srl_rtl__parameterized0_73
INFO: [VRFC 10-311] analyzing module design_1_axi_smc_0_sc_util_v1_0_4_srl_rtl__parameterized0_74
INFO: [VRFC 10-311] analyzing module design_1_axi_smc_0_sc_util_v1_0_4_srl_rtl__parameterized0_75
INFO: [VRFC 10-311] analyzing module design_1_axi_smc_0_sc_util_v1_0_4_srl_rtl__parameterized0_76
INFO: [VRFC 10-311] analyzing module design_1_axi_smc_0_sc_util_v1_0_4_srl_rtl__parameterized0_77
INFO: [VRFC 10-311] analyzing module design_1_axi_smc_0_sc_util_v1_0_4_srl_rtl__parameterized0_78
INFO: [VRFC 10-311] analyzing module design_1_axi_smc_0_sc_util_v1_0_4_srl_rtl__parameterized0_79
INFO: [VRFC 10-311] analyzing module design_1_axi_smc_0_sc_util_v1_0_4_srl_rtl__parameterized0_80
INFO: [VRFC 10-311] analyzing module design_1_axi_smc_0_sc_util_v1_0_4_srl_rtl__parameterized0_81
INFO: [VRFC 10-311] analyzing module design_1_axi_smc_0_sc_util_v1_0_4_srl_rtl__parameterized0_82
INFO: [VRFC 10-311] analyzing module design_1_axi_smc_0_sc_util_v1_0_4_srl_rtl__parameterized0_83
INFO: [VRFC 10-311] analyzing module design_1_axi_smc_0_sc_util_v1_0_4_srl_rtl__parameterized0_84
INFO: [VRFC 10-311] analyzing module design_1_axi_smc_0_sc_util_v1_0_4_srl_rtl__parameterized0_85
INFO: [VRFC 10-311] analyzing module design_1_axi_smc_0_sc_util_v1_0_4_srl_rtl__parameterized0_86
INFO: [VRFC 10-311] analyzing module design_1_axi_smc_0_sc_util_v1_0_4_srl_rtl__parameterized0_87
INFO: [VRFC 10-311] analyzing module design_1_axi_smc_0_sc_util_v1_0_4_srl_rtl__parameterized0_88
INFO: [VRFC 10-311] analyzing module design_1_axi_smc_0_sc_util_v1_0_4_srl_rtl__parameterized0_89
INFO: [VRFC 10-311] analyzing module design_1_axi_smc_0_sc_util_v1_0_4_srl_rtl__parameterized0_90
INFO: [VRFC 10-311] analyzing module design_1_axi_smc_0_sc_util_v1_0_4_srl_rtl__parameterized0_91
INFO: [VRFC 10-311] analyzing module design_1_axi_smc_0_sc_util_v1_0_4_srl_rtl__parameterized0_92
INFO: [VRFC 10-311] analyzing module design_1_axi_smc_0_sc_util_v1_0_4_xpm_memory_fifo
INFO: [VRFC 10-311] analyzing module design_1_axi_smc_0_sc_util_v1_0_4_xpm_memory_fifo__parameterized0
INFO: [VRFC 10-311] analyzing module design_1_axi_smc_0_sc_util_v1_0_4_xpm_memory_fifo__parameterized1
INFO: [VRFC 10-311] analyzing module design_1_axi_smc_0_sc_util_v1_0_4_xpm_memory_fifo__parameterized2
INFO: [VRFC 10-311] analyzing module design_1_axi_smc_0_sc_util_v1_0_4_xpm_memory_fifo__xdcDup__1
INFO: [VRFC 10-311] analyzing module design_1_blk_mem_gen_0_0_blk_mem_gen_generic_cstr
INFO: [VRFC 10-311] analyzing module design_1_blk_mem_gen_0_0_blk_mem_gen_prim_width
INFO: [VRFC 10-311] analyzing module design_1_blk_mem_gen_0_0_blk_mem_gen_prim_width__parameterized0
INFO: [VRFC 10-311] analyzing module design_1_blk_mem_gen_0_0_blk_mem_gen_prim_width__parameterized1
INFO: [VRFC 10-311] analyzing module design_1_blk_mem_gen_0_0_blk_mem_gen_prim_width__parameterized10
INFO: [VRFC 10-311] analyzing module design_1_blk_mem_gen_0_0_blk_mem_gen_prim_width__parameterized11
INFO: [VRFC 10-311] analyzing module design_1_blk_mem_gen_0_0_blk_mem_gen_prim_width__parameterized12
INFO: [VRFC 10-311] analyzing module design_1_blk_mem_gen_0_0_blk_mem_gen_prim_width__parameterized13
INFO: [VRFC 10-311] analyzing module design_1_blk_mem_gen_0_0_blk_mem_gen_prim_width__parameterized14
INFO: [VRFC 10-311] analyzing module design_1_blk_mem_gen_0_0_blk_mem_gen_prim_width__parameterized15
INFO: [VRFC 10-311] analyzing module design_1_blk_mem_gen_0_0_blk_mem_gen_prim_width__parameterized16
INFO: [VRFC 10-311] analyzing module design_1_blk_mem_gen_0_0_blk_mem_gen_prim_width__parameterized17
INFO: [VRFC 10-311] analyzing module design_1_blk_mem_gen_0_0_blk_mem_gen_prim_width__parameterized18
INFO: [VRFC 10-311] analyzing module design_1_blk_mem_gen_0_0_blk_mem_gen_prim_width__parameterized19
INFO: [VRFC 10-311] analyzing module design_1_blk_mem_gen_0_0_blk_mem_gen_prim_width__parameterized2
INFO: [VRFC 10-311] analyzing module design_1_blk_mem_gen_0_0_blk_mem_gen_prim_width__parameterized20
INFO: [VRFC 10-311] analyzing module design_1_blk_mem_gen_0_0_blk_mem_gen_prim_width__parameterized21
INFO: [VRFC 10-311] analyzing module design_1_blk_mem_gen_0_0_blk_mem_gen_prim_width__parameterized22
INFO: [VRFC 10-311] analyzing module design_1_blk_mem_gen_0_0_blk_mem_gen_prim_width__parameterized23
INFO: [VRFC 10-311] analyzing module design_1_blk_mem_gen_0_0_blk_mem_gen_prim_width__parameterized24
INFO: [VRFC 10-311] analyzing module design_1_blk_mem_gen_0_0_blk_mem_gen_prim_width__parameterized25
INFO: [VRFC 10-311] analyzing module design_1_blk_mem_gen_0_0_blk_mem_gen_prim_width__parameterized26
INFO: [VRFC 10-311] analyzing module design_1_blk_mem_gen_0_0_blk_mem_gen_prim_width__parameterized27
INFO: [VRFC 10-311] analyzing module design_1_blk_mem_gen_0_0_blk_mem_gen_prim_width__parameterized28
INFO: [VRFC 10-311] analyzing module design_1_blk_mem_gen_0_0_blk_mem_gen_prim_width__parameterized29
INFO: [VRFC 10-311] analyzing module design_1_blk_mem_gen_0_0_blk_mem_gen_prim_width__parameterized3
INFO: [VRFC 10-311] analyzing module design_1_blk_mem_gen_0_0_blk_mem_gen_prim_width__parameterized30
INFO: [VRFC 10-311] analyzing module design_1_blk_mem_gen_0_0_blk_mem_gen_prim_width__parameterized4
INFO: [VRFC 10-311] analyzing module design_1_blk_mem_gen_0_0_blk_mem_gen_prim_width__parameterized5
INFO: [VRFC 10-311] analyzing module design_1_blk_mem_gen_0_0_blk_mem_gen_prim_width__parameterized6
INFO: [VRFC 10-311] analyzing module design_1_blk_mem_gen_0_0_blk_mem_gen_prim_width__parameterized7
INFO: [VRFC 10-311] analyzing module design_1_blk_mem_gen_0_0_blk_mem_gen_prim_width__parameterized8
INFO: [VRFC 10-311] analyzing module design_1_blk_mem_gen_0_0_blk_mem_gen_prim_width__parameterized9
INFO: [VRFC 10-311] analyzing module design_1_blk_mem_gen_0_0_blk_mem_gen_prim_wrapper
INFO: [VRFC 10-311] analyzing module design_1_blk_mem_gen_0_0_blk_mem_gen_prim_wrapper__parameterized0
INFO: [VRFC 10-311] analyzing module design_1_blk_mem_gen_0_0_blk_mem_gen_prim_wrapper__parameterized1
INFO: [VRFC 10-311] analyzing module design_1_blk_mem_gen_0_0_blk_mem_gen_prim_wrapper__parameterized10
INFO: [VRFC 10-311] analyzing module design_1_blk_mem_gen_0_0_blk_mem_gen_prim_wrapper__parameterized11
INFO: [VRFC 10-311] analyzing module design_1_blk_mem_gen_0_0_blk_mem_gen_prim_wrapper__parameterized12
INFO: [VRFC 10-311] analyzing module design_1_blk_mem_gen_0_0_blk_mem_gen_prim_wrapper__parameterized13
INFO: [VRFC 10-311] analyzing module design_1_blk_mem_gen_0_0_blk_mem_gen_prim_wrapper__parameterized14
INFO: [VRFC 10-311] analyzing module design_1_blk_mem_gen_0_0_blk_mem_gen_prim_wrapper__parameterized15
INFO: [VRFC 10-311] analyzing module design_1_blk_mem_gen_0_0_blk_mem_gen_prim_wrapper__parameterized16
INFO: [VRFC 10-311] analyzing module design_1_blk_mem_gen_0_0_blk_mem_gen_prim_wrapper__parameterized17
INFO: [VRFC 10-311] analyzing module design_1_blk_mem_gen_0_0_blk_mem_gen_prim_wrapper__parameterized18
INFO: [VRFC 10-311] analyzing module design_1_blk_mem_gen_0_0_blk_mem_gen_prim_wrapper__parameterized19
INFO: [VRFC 10-311] analyzing module design_1_blk_mem_gen_0_0_blk_mem_gen_prim_wrapper__parameterized2
INFO: [VRFC 10-311] analyzing module design_1_blk_mem_gen_0_0_blk_mem_gen_prim_wrapper__parameterized20
INFO: [VRFC 10-311] analyzing module design_1_blk_mem_gen_0_0_blk_mem_gen_prim_wrapper__parameterized21
INFO: [VRFC 10-311] analyzing module design_1_blk_mem_gen_0_0_blk_mem_gen_prim_wrapper__parameterized22
INFO: [VRFC 10-311] analyzing module design_1_blk_mem_gen_0_0_blk_mem_gen_prim_wrapper__parameterized23
INFO: [VRFC 10-311] analyzing module design_1_blk_mem_gen_0_0_blk_mem_gen_prim_wrapper__parameterized24
INFO: [VRFC 10-311] analyzing module design_1_blk_mem_gen_0_0_blk_mem_gen_prim_wrapper__parameterized25
INFO: [VRFC 10-311] analyzing module design_1_blk_mem_gen_0_0_blk_mem_gen_prim_wrapper__parameterized26
INFO: [VRFC 10-311] analyzing module design_1_blk_mem_gen_0_0_blk_mem_gen_prim_wrapper__parameterized27
INFO: [VRFC 10-311] analyzing module design_1_blk_mem_gen_0_0_blk_mem_gen_prim_wrapper__parameterized28
INFO: [VRFC 10-311] analyzing module design_1_blk_mem_gen_0_0_blk_mem_gen_prim_wrapper__parameterized29
INFO: [VRFC 10-311] analyzing module design_1_blk_mem_gen_0_0_blk_mem_gen_prim_wrapper__parameterized3
INFO: [VRFC 10-311] analyzing module design_1_blk_mem_gen_0_0_blk_mem_gen_prim_wrapper__parameterized30
INFO: [VRFC 10-311] analyzing module design_1_blk_mem_gen_0_0_blk_mem_gen_prim_wrapper__parameterized4
INFO: [VRFC 10-311] analyzing module design_1_blk_mem_gen_0_0_blk_mem_gen_prim_wrapper__parameterized5
INFO: [VRFC 10-311] analyzing module design_1_blk_mem_gen_0_0_blk_mem_gen_prim_wrapper__parameterized6
INFO: [VRFC 10-311] analyzing module design_1_blk_mem_gen_0_0_blk_mem_gen_prim_wrapper__parameterized7
INFO: [VRFC 10-311] analyzing module design_1_blk_mem_gen_0_0_blk_mem_gen_prim_wrapper__parameterized8
INFO: [VRFC 10-311] analyzing module design_1_blk_mem_gen_0_0_blk_mem_gen_prim_wrapper__parameterized9
INFO: [VRFC 10-311] analyzing module design_1_blk_mem_gen_0_0_blk_mem_gen_top
INFO: [VRFC 10-311] analyzing module design_1_blk_mem_gen_0_0_blk_mem_gen_v8_4_3
INFO: [VRFC 10-311] analyzing module design_1_blk_mem_gen_0_0_blk_mem_gen_v8_4_3_synth
INFO: [VRFC 10-311] analyzing module design_1_top_0_0_bindec
INFO: [VRFC 10-311] analyzing module design_1_top_0_0_blk_mem_gen_generic_cstr
INFO: [VRFC 10-311] analyzing module design_1_top_0_0_blk_mem_gen_mux
INFO: [VRFC 10-311] analyzing module design_1_top_0_0_blk_mem_gen_prim_width
INFO: [VRFC 10-311] analyzing module design_1_top_0_0_blk_mem_gen_prim_width__parameterized0
INFO: [VRFC 10-311] analyzing module design_1_top_0_0_blk_mem_gen_prim_width__parameterized1
INFO: [VRFC 10-311] analyzing module design_1_top_0_0_blk_mem_gen_prim_width__parameterized10
INFO: [VRFC 10-311] analyzing module design_1_top_0_0_blk_mem_gen_prim_width__parameterized11
INFO: [VRFC 10-311] analyzing module design_1_top_0_0_blk_mem_gen_prim_width__parameterized12
INFO: [VRFC 10-311] analyzing module design_1_top_0_0_blk_mem_gen_prim_width__parameterized13
INFO: [VRFC 10-311] analyzing module design_1_top_0_0_blk_mem_gen_prim_width__parameterized14
INFO: [VRFC 10-311] analyzing module design_1_top_0_0_blk_mem_gen_prim_width__parameterized15
INFO: [VRFC 10-311] analyzing module design_1_top_0_0_blk_mem_gen_prim_width__parameterized16
INFO: [VRFC 10-311] analyzing module design_1_top_0_0_blk_mem_gen_prim_width__parameterized17
INFO: [VRFC 10-311] analyzing module design_1_top_0_0_blk_mem_gen_prim_width__parameterized18
INFO: [VRFC 10-311] analyzing module design_1_top_0_0_blk_mem_gen_prim_width__parameterized19
INFO: [VRFC 10-311] analyzing module design_1_top_0_0_blk_mem_gen_prim_width__parameterized2
INFO: [VRFC 10-311] analyzing module design_1_top_0_0_blk_mem_gen_prim_width__parameterized20
INFO: [VRFC 10-311] analyzing module design_1_top_0_0_blk_mem_gen_prim_width__parameterized21
INFO: [VRFC 10-311] analyzing module design_1_top_0_0_blk_mem_gen_prim_width__parameterized22
INFO: [VRFC 10-311] analyzing module design_1_top_0_0_blk_mem_gen_prim_width__parameterized23
INFO: [VRFC 10-311] analyzing module design_1_top_0_0_blk_mem_gen_prim_width__parameterized24
INFO: [VRFC 10-311] analyzing module design_1_top_0_0_blk_mem_gen_prim_width__parameterized25
INFO: [VRFC 10-311] analyzing module design_1_top_0_0_blk_mem_gen_prim_width__parameterized26
INFO: [VRFC 10-311] analyzing module design_1_top_0_0_blk_mem_gen_prim_width__parameterized27
INFO: [VRFC 10-311] analyzing module design_1_top_0_0_blk_mem_gen_prim_width__parameterized28
INFO: [VRFC 10-311] analyzing module design_1_top_0_0_blk_mem_gen_prim_width__parameterized29
INFO: [VRFC 10-311] analyzing module design_1_top_0_0_blk_mem_gen_prim_width__parameterized3
INFO: [VRFC 10-311] analyzing module design_1_top_0_0_blk_mem_gen_prim_width__parameterized30
INFO: [VRFC 10-311] analyzing module design_1_top_0_0_blk_mem_gen_prim_width__parameterized31
INFO: [VRFC 10-311] analyzing module design_1_top_0_0_blk_mem_gen_prim_width__parameterized32
INFO: [VRFC 10-311] analyzing module design_1_top_0_0_blk_mem_gen_prim_width__parameterized33
INFO: [VRFC 10-311] analyzing module design_1_top_0_0_blk_mem_gen_prim_width__parameterized34
INFO: [VRFC 10-311] analyzing module design_1_top_0_0_blk_mem_gen_prim_width__parameterized35
INFO: [VRFC 10-311] analyzing module design_1_top_0_0_blk_mem_gen_prim_width__parameterized36
INFO: [VRFC 10-311] analyzing module design_1_top_0_0_blk_mem_gen_prim_width__parameterized4
INFO: [VRFC 10-311] analyzing module design_1_top_0_0_blk_mem_gen_prim_width__parameterized5
INFO: [VRFC 10-311] analyzing module design_1_top_0_0_blk_mem_gen_prim_width__parameterized6
INFO: [VRFC 10-311] analyzing module design_1_top_0_0_blk_mem_gen_prim_width__parameterized7
INFO: [VRFC 10-311] analyzing module design_1_top_0_0_blk_mem_gen_prim_width__parameterized8
INFO: [VRFC 10-311] analyzing module design_1_top_0_0_blk_mem_gen_prim_width__parameterized9
INFO: [VRFC 10-311] analyzing module design_1_top_0_0_blk_mem_gen_prim_wrapper_init
INFO: [VRFC 10-311] analyzing module design_1_top_0_0_blk_mem_gen_prim_wrapper_init__parameterized0
INFO: [VRFC 10-311] analyzing module design_1_top_0_0_blk_mem_gen_prim_wrapper_init__parameterized1
INFO: [VRFC 10-311] analyzing module design_1_top_0_0_blk_mem_gen_prim_wrapper_init__parameterized10
INFO: [VRFC 10-311] analyzing module design_1_top_0_0_blk_mem_gen_prim_wrapper_init__parameterized11
INFO: [VRFC 10-311] analyzing module design_1_top_0_0_blk_mem_gen_prim_wrapper_init__parameterized12
INFO: [VRFC 10-311] analyzing module design_1_top_0_0_blk_mem_gen_prim_wrapper_init__parameterized13
INFO: [VRFC 10-311] analyzing module design_1_top_0_0_blk_mem_gen_prim_wrapper_init__parameterized14
INFO: [VRFC 10-311] analyzing module design_1_top_0_0_blk_mem_gen_prim_wrapper_init__parameterized15
INFO: [VRFC 10-311] analyzing module design_1_top_0_0_blk_mem_gen_prim_wrapper_init__parameterized16
INFO: [VRFC 10-311] analyzing module design_1_top_0_0_blk_mem_gen_prim_wrapper_init__parameterized17
INFO: [VRFC 10-311] analyzing module design_1_top_0_0_blk_mem_gen_prim_wrapper_init__parameterized18
INFO: [VRFC 10-311] analyzing module design_1_top_0_0_blk_mem_gen_prim_wrapper_init__parameterized19
INFO: [VRFC 10-311] analyzing module design_1_top_0_0_blk_mem_gen_prim_wrapper_init__parameterized2
INFO: [VRFC 10-311] analyzing module design_1_top_0_0_blk_mem_gen_prim_wrapper_init__parameterized20
INFO: [VRFC 10-311] analyzing module design_1_top_0_0_blk_mem_gen_prim_wrapper_init__parameterized21
INFO: [VRFC 10-311] analyzing module design_1_top_0_0_blk_mem_gen_prim_wrapper_init__parameterized22
INFO: [VRFC 10-311] analyzing module design_1_top_0_0_blk_mem_gen_prim_wrapper_init__parameterized23
INFO: [VRFC 10-311] analyzing module design_1_top_0_0_blk_mem_gen_prim_wrapper_init__parameterized24
INFO: [VRFC 10-311] analyzing module design_1_top_0_0_blk_mem_gen_prim_wrapper_init__parameterized25
INFO: [VRFC 10-311] analyzing module design_1_top_0_0_blk_mem_gen_prim_wrapper_init__parameterized26
INFO: [VRFC 10-311] analyzing module design_1_top_0_0_blk_mem_gen_prim_wrapper_init__parameterized27
INFO: [VRFC 10-311] analyzing module design_1_top_0_0_blk_mem_gen_prim_wrapper_init__parameterized28
INFO: [VRFC 10-311] analyzing module design_1_top_0_0_blk_mem_gen_prim_wrapper_init__parameterized29
INFO: [VRFC 10-311] analyzing module design_1_top_0_0_blk_mem_gen_prim_wrapper_init__parameterized3
INFO: [VRFC 10-311] analyzing module design_1_top_0_0_blk_mem_gen_prim_wrapper_init__parameterized30
INFO: [VRFC 10-311] analyzing module design_1_top_0_0_blk_mem_gen_prim_wrapper_init__parameterized31
INFO: [VRFC 10-311] analyzing module design_1_top_0_0_blk_mem_gen_prim_wrapper_init__parameterized32
INFO: [VRFC 10-311] analyzing module design_1_top_0_0_blk_mem_gen_prim_wrapper_init__parameterized33
INFO: [VRFC 10-311] analyzing module design_1_top_0_0_blk_mem_gen_prim_wrapper_init__parameterized34
INFO: [VRFC 10-311] analyzing module design_1_top_0_0_blk_mem_gen_prim_wrapper_init__parameterized35
INFO: [VRFC 10-311] analyzing module design_1_top_0_0_blk_mem_gen_prim_wrapper_init__parameterized36
INFO: [VRFC 10-311] analyzing module design_1_top_0_0_blk_mem_gen_prim_wrapper_init__parameterized4
INFO: [VRFC 10-311] analyzing module design_1_top_0_0_blk_mem_gen_prim_wrapper_init__parameterized5
INFO: [VRFC 10-311] analyzing module design_1_top_0_0_blk_mem_gen_prim_wrapper_init__parameterized6
INFO: [VRFC 10-311] analyzing module design_1_top_0_0_blk_mem_gen_prim_wrapper_init__parameterized7
INFO: [VRFC 10-311] analyzing module design_1_top_0_0_blk_mem_gen_prim_wrapper_init__parameterized8
INFO: [VRFC 10-311] analyzing module design_1_top_0_0_blk_mem_gen_prim_wrapper_init__parameterized9
INFO: [VRFC 10-311] analyzing module design_1_top_0_0_blk_mem_gen_top
INFO: [VRFC 10-311] analyzing module design_1_top_0_0_blk_mem_gen_v8_4_3
INFO: [VRFC 10-311] analyzing module design_1_top_0_0_blk_mem_gen_v8_4_3_synth
INFO: [VRFC 10-311] analyzing module glbl
INFO: [VRFC 10-2263] Analyzing Verilog file "C:/Users/qwer/Desktop/DSD_2022/termp_bundle/vivado/termp_template/termp_template.srcs/sources_1/new/ds.v" into library xil_defaultlib
INFO: [VRFC 10-311] analyzing module ds
INFO: [VRFC 10-2263] Analyzing Verilog file "C:/Users/qwer/Desktop/DSD_2022/termp_bundle/vivado/termp_template/termp_template.srcs/sources_1/new/fsm.v" into library xil_defaultlib
INFO: [VRFC 10-311] analyzing module fsm
INFO: [VRFC 10-2263] Analyzing Verilog file "C:/Users/qwer/Desktop/DSD_2022/termp_bundle/vivado/termp_template/termp_template.srcs/sources_1/new/ram_wr.v" into library xil_defaultlib
INFO: [VRFC 10-311] analyzing module ram_wr
INFO: [VRFC 10-2263] Analyzing Verilog file "C:/Users/qwer/Desktop/DSD_2022/termp_bundle/vivado/termp_template/termp_template.srcs/sources_1/new/rom_rd.v" into library xil_defaultlib
INFO: [VRFC 10-311] analyzing module rom_rd
INFO: [VRFC 10-2263] Analyzing Verilog file "C:/Users/qwer/Desktop/DSD_2022/termp_bundle/vivado/termp_template/termp_template.srcs/sources_1/new/top.v" into library xil_defaultlib
INFO: [VRFC 10-311] analyzing module top
INFO: [VRFC 10-2263] Analyzing Verilog file "C:/Users/qwer/Desktop/DSD_2022/termp_bundle/vivado/termp_template/termp_template.srcs/sources_1/new/us.v" into library xil_defaultlib
INFO: [VRFC 10-311] analyzing module us
INFO: [VRFC 10-2263] Analyzing Verilog file "C:/Users/qwer/Desktop/DSD_2022/termp_bundle/vivado/termp_template/termp_template.srcs/sim_1/new/tb_top.v" into library xil_defaultlib
INFO: [VRFC 10-311] analyzing module tb_top
